<?xml version="1.0" encoding="UTF-8"?>
<!-- Generated by org.testng.reporters.JUnitReportReporter -->
<testsuite hostname="SAMPUSATHYA" failures="0" tests="1" name="com.practise.TestNG.TestNG_ExtentRepo" time="7.118" errors="0" timestamp="2021-01-10T17:19:10 EST" skipped="0">
  <testcase classname="com.practise.TestNG.TestNG_ExtentRepo" name="login" time="7.118"/>
  <system-out/>
</testsuite> <!-- com.practise.TestNG.TestNG_ExtentRepo -->
