<?xml version="1.0" encoding="UTF-8"?>
<!-- Generated by org.testng.reporters.JUnitReportReporter -->
<testsuite hostname="SAMPUSATHYA" failures="0" tests="1" name="com.practise.TestNG.TakeScreenShot" time="8.484" errors="0" timestamp="2021-01-10T19:15:48 EST" skipped="0">
  <testcase classname="com.practise.TestNG.TakeScreenShot" name="login" time="8.484"/>
  <system-out/>
</testsuite> <!-- com.practise.TestNG.TakeScreenShot -->
