<?xml version="1.0" encoding="UTF-8"?>
<!-- Generated by org.testng.reporters.JUnitReportReporter -->
<testsuite hostname="SAMPUSATHYA" failures="0" tests="1" name="com.practise.TestNG.TestNG_ExtentRepo" time="7.726" errors="0" timestamp="2021-01-28T17:49:52 EST" skipped="0">
  <testcase classname="com.practise.TestNG.TestNG_ExtentRepo" name="login" time="7.726"/>
  <system-out/>
</testsuite> <!-- com.practise.TestNG.TestNG_ExtentRepo -->
